<?xml version="1.0" encoding="UTF-8"?>
<testng-results ignored="0" total="2" passed="1" failed="1" skipped="0">
  <reporter-output>
  </reporter-output>
  <suite started-at="2025-07-17T14:01:50 IST" name="Master Suite" finished-at="2025-07-17T14:02:18 IST" duration-ms="28115">
    <groups>
      <group name="Master">
        <method signature="TC_001_AccountRegistration.verifyAccountRegistration()[pri:0, instance:testCases.TC_001_AccountRegistration@587e5365]" name="verifyAccountRegistration" class="testCases.TC_001_AccountRegistration"/>
        <method signature="TC_002_Login.verifyLogIn()[pri:0, instance:testCases.TC_002_Login@305b7c14]" name="verifyLogIn" class="testCases.TC_002_Login"/>
      </group> <!-- Master -->
      <group name="Regression">
        <method signature="TC_001_AccountRegistration.verifyAccountRegistration()[pri:0, instance:testCases.TC_001_AccountRegistration@587e5365]" name="verifyAccountRegistration" class="testCases.TC_001_AccountRegistration"/>
      </group> <!-- Regression -->
      <group name="sanity">
        <method signature="TC_002_Login.verifyLogIn()[pri:0, instance:testCases.TC_002_Login@305b7c14]" name="verifyLogIn" class="testCases.TC_002_Login"/>
      </group> <!-- sanity -->
    </groups>
    <test started-at="2025-07-17T14:01:50 IST" name="Test" finished-at="2025-07-17T14:02:18 IST" duration-ms="28115">
      <class name="testCases.TC_002_Login">
        <test-method is-config="true" signature="setUp(java.lang.String,java.lang.String)[pri:0, instance:testCases.TC_002_Login@305b7c14]" started-at="2025-07-17T14:01:58 IST" name="setUp" finished-at="2025-07-17T14:02:02 IST" duration-ms="3500" status="PASS">
          <params>
            <param index="0">
              <value>
                <![CDATA[windows]]>
              </value>
            </param>
            <param index="1">
              <value>
                <![CDATA[chrome]]>
              </value>
            </param>
          </params>
          <reporter-output>
          </reporter-output>
        </test-method> <!-- setUp -->
        <test-method signature="verifyLogIn()[pri:0, instance:testCases.TC_002_Login@305b7c14]" started-at="2025-07-17T14:02:02 IST" name="verifyLogIn" finished-at="2025-07-17T14:02:18 IST" duration-ms="16392" status="FAIL">
          <exception class="java.lang.AssertionError">
            <message>
              <![CDATA[account is not exist expected [true] but found [false]]]>
            </message>
            <full-stacktrace>
              <![CDATA[java.lang.AssertionError: account is not exist expected [true] but found [false]
at org.testng.Assert.fail(Assert.java:111)
at org.testng.Assert.failNotEquals(Assert.java:1578)
at org.testng.Assert.assertTrue(Assert.java:57)
at testCases.TC_002_Login.verifyLogIn(TC_002_Login.java:35)
at java.base/jdk.internal.reflect.DirectMethodHandleAccessor.invoke(DirectMethodHandleAccessor.java:103)
at java.base/java.lang.reflect.Method.invoke(Method.java:580)
at org.testng.internal.invokers.MethodInvocationHelper.invokeMethod(MethodInvocationHelper.java:141)
at org.testng.internal.invokers.TestInvoker.invokeMethod(TestInvoker.java:686)
at org.testng.internal.invokers.TestInvoker.invokeTestMethod(TestInvoker.java:230)
at org.testng.internal.invokers.MethodRunner.runInSequence(MethodRunner.java:63)
at org.testng.internal.invokers.TestInvoker$MethodInvocationAgent.invoke(TestInvoker.java:992)
at org.testng.internal.invokers.TestInvoker.invokeTestMethods(TestInvoker.java:203)
at org.testng.internal.invokers.TestMethodWorker.invokeTestMethods(TestMethodWorker.java:154)
at org.testng.internal.invokers.TestMethodWorker.run(TestMethodWorker.java:134)
at java.base/java.util.ArrayList.forEach(ArrayList.java:1597)
at org.testng.TestRunner.privateRun(TestRunner.java:739)
at org.testng.TestRunner.run(TestRunner.java:614)
at org.testng.SuiteRunner.runTest(SuiteRunner.java:421)
at org.testng.SuiteRunner.runSequentially(SuiteRunner.java:413)
at org.testng.SuiteRunner.privateRun(SuiteRunner.java:373)
at org.testng.SuiteRunner.run(SuiteRunner.java:312)
at org.testng.SuiteRunnerWorker.runSuite(SuiteRunnerWorker.java:52)
at org.testng.SuiteRunnerWorker.run(SuiteRunnerWorker.java:95)
at org.testng.TestNG.runSuitesSequentially(TestNG.java:1274)
at org.testng.TestNG.runSuitesLocally(TestNG.java:1208)
at org.testng.TestNG.runSuites(TestNG.java:1112)
at org.testng.TestNG.run(TestNG.java:1079)
at org.testng.remote.AbstractRemoteTestNG.run(AbstractRemoteTestNG.java:115)
at org.testng.remote.RemoteTestNG.initAndRun(RemoteTestNG.java:293)
at org.testng.remote.RemoteTestNG.main(RemoteTestNG.java:91)
]]>
            </full-stacktrace>
          </exception> <!-- java.lang.AssertionError -->
          <reporter-output>
          </reporter-output>
        </test-method> <!-- verifyLogIn -->
        <test-method is-config="true" signature="tearDown()[pri:0, instance:testCases.TC_002_Login@305b7c14]" started-at="2025-07-17T14:02:18 IST" name="tearDown" finished-at="2025-07-17T14:02:18 IST" duration-ms="265" status="PASS">
          <reporter-output>
          </reporter-output>
        </test-method> <!-- tearDown -->
      </class> <!-- testCases.TC_002_Login -->
      <class name="testCases.TC_001_AccountRegistration">
        <test-method is-config="true" signature="setUp(java.lang.String,java.lang.String)[pri:0, instance:testCases.TC_001_AccountRegistration@587e5365]" started-at="2025-07-17T14:01:51 IST" name="setUp" finished-at="2025-07-17T14:01:55 IST" duration-ms="4704" status="PASS">
          <params>
            <param index="0">
              <value>
                <![CDATA[windows]]>
              </value>
            </param>
            <param index="1">
              <value>
                <![CDATA[chrome]]>
              </value>
            </param>
          </params>
          <reporter-output>
          </reporter-output>
        </test-method> <!-- setUp -->
        <test-method signature="verifyAccountRegistration()[pri:0, instance:testCases.TC_001_AccountRegistration@587e5365]" started-at="2025-07-17T14:01:55 IST" name="verifyAccountRegistration" finished-at="2025-07-17T14:01:58 IST" duration-ms="2454" status="PASS">
          <reporter-output>
          </reporter-output>
        </test-method> <!-- verifyAccountRegistration -->
        <test-method is-config="true" signature="tearDown()[pri:0, instance:testCases.TC_001_AccountRegistration@587e5365]" started-at="2025-07-17T14:01:58 IST" name="tearDown" finished-at="2025-07-17T14:01:58 IST" duration-ms="367" status="PASS">
          <reporter-output>
          </reporter-output>
        </test-method> <!-- tearDown -->
      </class> <!-- testCases.TC_001_AccountRegistration -->
    </test> <!-- Test -->
  </suite> <!-- Master Suite -->
</testng-results>
